c:\users\13108\desktop\项目\modbus\modbusrtu\debug\vc120.pdb
c:\users\13108\desktop\项目\modbus\modbusrtu\debug\vc120.idb
c:\users\13108\desktop\项目\modbus\modbusrtu\debug\01respond.obj
c:\users\13108\desktop\项目\modbus\modbusrtu\debug\01功能码.obj
c:\users\13108\desktop\项目\modbus\modbusrtu\debug\03respond.obj
c:\users\13108\desktop\项目\modbus\modbusrtu\debug\0f功能码.obj
c:\users\13108\desktop\项目\modbus\modbusrtu\debug\10to02.obj
c:\users\13108\desktop\项目\modbus\modbusrtu\debug\10to16.obj
c:\users\13108\desktop\项目\modbus\modbusrtu\debug\10功能码.obj
c:\users\13108\desktop\项目\modbus\modbusrtu\debug\build_send_buf.obj
c:\users\13108\desktop\项目\modbus\modbusrtu\debug\crc_16.obj
c:\users\13108\desktop\项目\modbus\modbusrtu\debug\hextostring.obj
c:\users\13108\desktop\项目\modbus\modbusrtu\debug\len_effective.obj
c:\users\13108\desktop\项目\modbus\modbusrtu\debug\master.obj
c:\users\13108\desktop\项目\modbus\modbusrtu\debug\open_com.obj
c:\users\13108\desktop\项目\modbus\modbusrtu\debug\respond.obj
c:\users\13108\desktop\项目\modbus\modbusrtu\debug\send.obj
c:\users\13108\desktop\项目\modbus\modbusrtu\debug\strtobyte.obj
c:\users\13108\desktop\项目\modbus\modbusrtu\debug\打开串口.obj
c:\users\13108\desktop\项目\modbus\modbusrtu\debug\modbusrtu.ilk
c:\users\13108\desktop\项目\modbus\modbusrtu\debug\modbusrtu.exe
c:\users\13108\desktop\项目\modbus\modbusrtu\debug\modbusrtu.pdb
c:\users\13108\desktop\项目\modbus\modbusrtu\.\debug\modbusrtu.exe
c:\users\13108\desktop\项目\modbus\modbusrtu\debug\modbusrtu.tlog\cl.command.1.tlog
c:\users\13108\desktop\项目\modbus\modbusrtu\debug\modbusrtu.tlog\cl.read.1.tlog
c:\users\13108\desktop\项目\modbus\modbusrtu\debug\modbusrtu.tlog\cl.write.1.tlog
c:\users\13108\desktop\项目\modbus\modbusrtu\debug\modbusrtu.tlog\link.command.1.tlog
c:\users\13108\desktop\项目\modbus\modbusrtu\debug\modbusrtu.tlog\link.read.1.tlog
c:\users\13108\desktop\项目\modbus\modbusrtu\debug\modbusrtu.tlog\link.write.1.tlog
