c:\users\13108\desktop\项目\modbus\modbustcp\debug\vc120.pdb
c:\users\13108\desktop\项目\modbus\modbustcp\debug\vc120.idb
c:\users\13108\desktop\项目\modbus\modbustcp\debug\01功能码.obj
c:\users\13108\desktop\项目\modbus\modbustcp\debug\03功能码.obj
c:\users\13108\desktop\项目\modbus\modbustcp\debug\0f功能码.obj
c:\users\13108\desktop\项目\modbus\modbustcp\debug\10to02.obj
c:\users\13108\desktop\项目\modbus\modbustcp\debug\10to16.obj
c:\users\13108\desktop\项目\modbus\modbustcp\debug\10功能码.obj
c:\users\13108\desktop\项目\modbus\modbustcp\debug\hextostring.obj
c:\users\13108\desktop\项目\modbus\modbustcp\debug\initialization.obj
c:\users\13108\desktop\项目\modbus\modbustcp\debug\server.obj
c:\users\13108\desktop\项目\modbus\modbustcp\debug\strtobyte.obj
c:\users\13108\desktop\项目\modbus\modbustcp\debug\寄存器创建.obj
c:\users\13108\desktop\项目\modbus\modbustcp\debug\线圈创建.obj
c:\users\13108\desktop\项目\modbus\modbustcp\debug\data_effective.obj
c:\users\13108\desktop\项目\modbus\modbustcp\debug\respond.obj
c:\users\13108\desktop\项目\modbus\modbustcp\debug\modbustcp.pdb
c:\users\13108\desktop\项目\modbus\modbustcp\debug\modbustcp.tlog\cl.command.1.tlog
c:\users\13108\desktop\项目\modbus\modbustcp\debug\modbustcp.tlog\cl.read.1.tlog
c:\users\13108\desktop\项目\modbus\modbustcp\debug\modbustcp.tlog\cl.write.1.tlog
c:\users\13108\desktop\项目\modbus\modbustcp\debug\modbustcp.tlog\link.16756.read.1.tlog
c:\users\13108\desktop\项目\modbus\modbustcp\debug\modbustcp.tlog\link.16756.write.1.tlog
c:\users\13108\desktop\项目\modbus\modbustcp\debug\modbustcp.tlog\link.command.1.tlog
c:\users\13108\desktop\项目\modbus\modbustcp\debug\modbustcp.tlog\link.read.1.tlog
c:\users\13108\desktop\项目\modbus\modbustcp\debug\modbustcp.tlog\link.write.1.tlog
