生成启动时间为 2020/9/19 14:28:55。
     1>项目“C:\Users\13108\Desktop\项目\Modbus\ModbusTCP\ModbusTCP.vcxproj”在节点 2 上(Rebuild 个目标)。
     1>C:\Program Files (x86)\MSBuild\Microsoft.Cpp\v4.0\V120\Microsoft.CppBuild.targets(364,5): warning MSB8004: Output Directory does not end with a trailing slash.  This build instance will add the slash as it is required to allow proper evaluation of the Output Directory.
     1>ClCompile:
         E:\工具安装\VC\bin\CL.exe /c /I"C:\Users\13108\Desktop\项目\Modbus\public" /ZI /nologo /W3 /WX- /sdl /Od /Oy- /D _CRT_SECURE_NO_WARNINGS /D _MBCS /Gm /EHsc /RTC1 /MDd /GS /fp:precise /Zc:wchar_t /Zc:forScope /Fo"Debug\\" /Fd"Debug\vc120.pdb" /Gd /TP /analyze- /errorReport:prompt "01功能码.cpp" "03功能码.cpp" "0F功能码.cpp" 10to02.cpp 10to16.cpp "10功能码.cpp" DATA_Effective.cpp HEXtoString.cpp initialization.cpp respond.cpp server.cpp strtoByte.cpp "寄存器创建.cpp" "线圈创建.cpp"
         线圈创建.cpp
         寄存器创建.cpp
         strtoByte.cpp
         server.cpp
     1>c:\users\13108\desktop\项目\modbus\modbustcp\server.cpp(143): warning C4018: “<”: 有符号/无符号不匹配
         respond.cpp
     1>c:\users\13108\desktop\项目\modbus\modbustcp\respond.cpp(53): warning C4018: “<”: 有符号/无符号不匹配
         initialization.cpp
         HEXtoString.cpp
     1>c:\users\13108\desktop\项目\modbus\modbustcp\hextostring.cpp(27): warning C4018: “<”: 有符号/无符号不匹配
     1>c:\users\13108\desktop\项目\modbus\modbustcp\hextostring.cpp(33): warning C4172: 返回局部变量或临时变量的地址
         DATA_Effective.cpp
         10功能码.cpp
     1>c:\users\13108\desktop\项目\modbus\modbustcp\10功能码.cpp(18): warning C4018: “>”: 有符号/无符号不匹配
     1>c:\users\13108\desktop\项目\modbus\modbustcp\10功能码.cpp(35): warning C4172: 返回局部变量或临时变量的地址
     1>c:\users\13108\desktop\项目\modbus\modbustcp\10功能码.cpp(38): warning C4018: “>”: 有符号/无符号不匹配
     1>c:\users\13108\desktop\项目\modbus\modbustcp\10功能码.cpp(55): warning C4172: 返回局部变量或临时变量的地址
     1>c:\users\13108\desktop\项目\modbus\modbustcp\10功能码.cpp(60): warning C4018: “<”: 有符号/无符号不匹配
     1>c:\users\13108\desktop\项目\modbus\modbustcp\10功能码.cpp(91): warning C4172: 返回局部变量或临时变量的地址
         10to16.cpp
         10to02.cpp
         0F功能码.cpp
     1>c:\users\13108\desktop\项目\modbus\modbustcp\0f功能码.cpp(27): warning C4018: “>”: 有符号/无符号不匹配
     1>c:\users\13108\desktop\项目\modbus\modbustcp\0f功能码.cpp(44): warning C4172: 返回局部变量或临时变量的地址
     1>c:\users\13108\desktop\项目\modbus\modbustcp\0f功能码.cpp(47): warning C4018: “>”: 有符号/无符号不匹配
     1>c:\users\13108\desktop\项目\modbus\modbustcp\0f功能码.cpp(64): warning C4172: 返回局部变量或临时变量的地址
     1>c:\users\13108\desktop\项目\modbus\modbustcp\0f功能码.cpp(69): warning C4018: “<”: 有符号/无符号不匹配
     1>c:\users\13108\desktop\项目\modbus\modbustcp\0f功能码.cpp(75): warning C4018: “<”: 有符号/无符号不匹配
     1>c:\users\13108\desktop\项目\modbus\modbustcp\0f功能码.cpp(108): warning C4018: “<”: 有符号/无符号不匹配
     1>c:\users\13108\desktop\项目\modbus\modbustcp\0f功能码.cpp(149): warning C4172: 返回局部变量或临时变量的地址
         03功能码.cpp
     1>c:\users\13108\desktop\项目\modbus\modbustcp\03功能码.cpp(16): warning C4018: “>”: 有符号/无符号不匹配
     1>c:\users\13108\desktop\项目\modbus\modbustcp\03功能码.cpp(30): warning C4172: 返回局部变量或临时变量的地址
     1>c:\users\13108\desktop\项目\modbus\modbustcp\03功能码.cpp(50): warning C4172: 返回局部变量或临时变量的地址
     1>c:\users\13108\desktop\项目\modbus\modbustcp\03功能码.cpp(58): warning C4018: “>=”: 有符号/无符号不匹配
     1>c:\users\13108\desktop\项目\modbus\modbustcp\03功能码.cpp(76): warning C4018: “<”: 有符号/无符号不匹配
     1>c:\users\13108\desktop\项目\modbus\modbustcp\03功能码.cpp(106): warning C4172: 返回局部变量或临时变量的地址
         01功能码.cpp
     1>c:\users\13108\desktop\项目\modbus\modbustcp\01功能码.cpp(16): warning C4018: “>”: 有符号/无符号不匹配
     1>c:\users\13108\desktop\项目\modbus\modbustcp\01功能码.cpp(33): warning C4172: 返回局部变量或临时变量的地址
     1>c:\users\13108\desktop\项目\modbus\modbustcp\01功能码.cpp(52): warning C4172: 返回局部变量或临时变量的地址
     1>c:\users\13108\desktop\项目\modbus\modbustcp\01功能码.cpp(74): warning C4018: “>=”: 有符号/无符号不匹配
     1>c:\users\13108\desktop\项目\modbus\modbustcp\01功能码.cpp(100): warning C4018: “>=”: 有符号/无符号不匹配
     1>c:\users\13108\desktop\项目\modbus\modbustcp\01功能码.cpp(123): warning C4018: “<”: 有符号/无符号不匹配
     1>c:\users\13108\desktop\项目\modbus\modbustcp\01功能码.cpp(162): warning C4172: 返回局部变量或临时变量的地址
         正在生成代码...
       Link:
         E:\工具安装\VC\bin\link.exe /ERRORREPORT:PROMPT /OUT:".\Debug\ModbusTCP.exe" /INCREMENTAL /NOLOGO /LIBPATH:"C:\Users\13108\Desktop\项目\Modbus\public\Debug" kernel32.lib user32.lib gdi32.lib winspool.lib comdlg32.lib advapi32.lib shell32.lib ole32.lib oleaut32.lib uuid.lib odbc32.lib odbccp32.lib /MANIFEST /MANIFESTUAC:"level='asInvoker' uiAccess='false'" /manifest:embed /DEBUG /PDB:".\Debug\ModbusTCP.pdb" /TLBID:1 /DYNAMICBASE /NXCOMPAT /IMPLIB:".\Debug\ModbusTCP.lib" /MACHINE:X86 "Debug\01功能码.obj"
         "Debug\03功能码.obj"
         "Debug\0F功能码.obj"
         Debug\10to02.obj
         Debug\10to16.obj
         "Debug\10功能码.obj"
         Debug\DATA_Effective.obj
         Debug\HEXtoString.obj
         Debug\initialization.obj
         Debug\respond.obj
         Debug\server.obj
         Debug\strtoByte.obj
         "Debug\寄存器创建.obj"
         "Debug\线圈创建.obj"
         ModbusTCP.vcxproj -> C:\Users\13108\Desktop\项目\Modbus\ModbusTCP\.\Debug\ModbusTCP.exe
     1>已完成生成项目“C:\Users\13108\Desktop\项目\Modbus\ModbusTCP\ModbusTCP.vcxproj”(Rebuild 个目标)的操作。

生成成功。

已用时间 00:00:13.44
